0 info it worked if it ends with ok
1 verbose cli [ '/home/cabox/.nvm/versions/node/v5.2.0/bin/node',
1 verbose cli   '/home/cabox/.nvm/versions/node/v5.2.0/bin/npm',
1 verbose cli   'start' ]
2 info using npm@3.5.1
3 info using node@v5.2.0
4 verbose run-script [ 'prestart', 'start', 'poststart' ]
5 info lifecycle application@0.0.1~prestart: application@0.0.1
6 silly lifecycle application@0.0.1~prestart: no script for prestart, continuing
7 info lifecycle application@0.0.1~start: application@0.0.1
8 verbose lifecycle application@0.0.1~start: unsafe-perm in lifecycle true
9 verbose lifecycle application@0.0.1~start: PATH: /home/cabox/.nvm/versions/node/v5.2.0/lib/node_modules/npm/bin/node-gyp-bin:/home/cabox/workspace/metrc_wrapper/application/node_modules/.bin:/home/cabox/.nvm/versions/node/v5.2.0/bin:/usr/local/sbin:/usr/local/bin:/usr/sbin:/usr/bin:/sbin:/bin:/usr/games
10 verbose lifecycle application@0.0.1~start: CWD: /home/cabox/workspace/metrc_wrapper/application
11 silly lifecycle application@0.0.1~start: Args: [ '-c', 'node ./bin/www' ]
12 silly lifecycle application@0.0.1~start: Returned: code: 1  signal: null
13 info lifecycle application@0.0.1~start: Failed to exec start script
14 verbose stack Error: application@0.0.1 start: `node ./bin/www`
14 verbose stack Exit status 1
14 verbose stack     at EventEmitter.<anonymous> (/home/cabox/.nvm/versions/node/v5.2.0/lib/node_modules/npm/lib/utils/lifecycle.js:232:16)
14 verbose stack     at emitTwo (events.js:88:13)
14 verbose stack     at EventEmitter.emit (events.js:173:7)
14 verbose stack     at ChildProcess.<anonymous> (/home/cabox/.nvm/versions/node/v5.2.0/lib/node_modules/npm/lib/utils/spawn.js:24:14)
14 verbose stack     at emitTwo (events.js:88:13)
14 verbose stack     at ChildProcess.emit (events.js:173:7)
14 verbose stack     at maybeClose (internal/child_process.js:819:16)
14 verbose stack     at Process.ChildProcess._handle.onexit (internal/child_process.js:212:5)
15 verbose pkgid application@0.0.1
16 verbose cwd /home/cabox/workspace/metrc_wrapper/application
17 error Linux 2.6.32-042stab112.15
18 error argv "/home/cabox/.nvm/versions/node/v5.2.0/bin/node" "/home/cabox/.nvm/versions/node/v5.2.0/bin/npm" "start"
19 error node v5.2.0
20 error npm  v3.5.1
21 error code ELIFECYCLE
22 error application@0.0.1 start: `node ./bin/www`
22 error Exit status 1
23 error Failed at the application@0.0.1 start script 'node ./bin/www'.
23 error Make sure you have the latest version of node.js and npm installed.
23 error If you do, this is most likely a problem with the application package,
23 error not with npm itself.
23 error Tell the author that this fails on your system:
23 error     node ./bin/www
23 error You can get information on how to open an issue for this project with:
23 error     npm bugs application
23 error Or if that isn't available, you can get their info via:
23 error     npm owner ls application
23 error There is likely additional logging output above.
24 verbose exit [ 1, true ]
